<?xml version="1.0" encoding="UTF-8" ?>
<testsuite tests="7" failures="0" name="runners.TestRunner" time="1.471" errors="0" skipped="0">
  <properties>
[...]
</properties>
  <testcase classname="Scenario: Check SignIn" name="Given landing page is loaded" time="0.008"/>
  <testcase classname="Scenario: Check SignIn" name="And click sign in" time="0.001"/>
  <testcase classname="Scenario: Check SignIn" name="Scenario: Check SignIn" time="0.736"/>
  <testcase classname="Scenario: Check Sign Up" name="Given landing page is loaded" time="0"/>
  <testcase classname="Scenario: Check Sign Up" name="When enter email address" time="0"/>
  <testcase classname="Scenario: Check Sign Up" name="Then click sign up" time="0"/>
  <testcase classname="Scenario: Check Sign Up" name="Scenario: Check Sign Up" time="0.726"/>
</testsuite>